2025-11-05 22:44:21,002 [INFO] [MainThread] Старт многопоточного парсинга с 23 API-ключами
2025-11-05 22:44:21,023 [INFO] [MainThread] Ключ 1: строки 0 — 959 (всего 960)
2025-11-05 22:44:21,025 [INFO] [MainThread] Ключ 2: строки 960 — 1919 (всего 960)
2025-11-05 22:44:21,028 [INFO] [MainThread] Ключ 3: строки 1920 — 2879 (всего 960)
2025-11-05 22:44:21,030 [INFO] [MainThread] Ключ 4: строки 2880 — 3839 (всего 960)
2025-11-05 22:44:21,033 [INFO] [MainThread] Ключ 5: строки 3840 — 4799 (всего 960)
2025-11-05 22:44:21,036 [INFO] [MainThread] Ключ 6: строки 4800 — 5759 (всего 960)
2025-11-05 22:44:21,038 [INFO] [MainThread] Ключ 7: строки 5760 — 6719 (всего 960)
2025-11-05 22:44:21,041 [INFO] [MainThread] Ключ 8: строки 6720 — 7679 (всего 960)
2025-11-05 22:44:21,043 [INFO] [MainThread] Ключ 9: строки 7680 — 8639 (всего 960)
2025-11-05 22:44:21,044 [INFO] [MainThread] Ключ 10: строки 8640 — 9599 (всего 960)
2025-11-05 22:44:21,046 [INFO] [MainThread] Ключ 11: строки 9600 — 10559 (всего 960)
2025-11-05 22:44:21,048 [INFO] [MainThread] Ключ 12: строки 10560 — 11519 (всего 960)
2025-11-05 22:44:21,050 [INFO] [MainThread] Ключ 13: строки 11520 — 12479 (всего 960)
2025-11-05 22:44:21,051 [INFO] [MainThread] Ключ 14: строки 12480 — 13439 (всего 960)
2025-11-05 22:44:21,052 [INFO] [MainThread] Ключ 15: строки 13440 — 14399 (всего 960)
2025-11-05 22:44:21,054 [INFO] [MainThread] Ключ 16: строки 14400 — 15359 (всего 960)
2025-11-05 22:44:21,056 [INFO] [MainThread] Ключ 17: строки 15360 — 16319 (всего 960)
2025-11-05 22:44:21,057 [INFO] [MainThread] Ключ 18: строки 16320 — 17279 (всего 960)
2025-11-05 22:44:21,059 [INFO] [MainThread] Ключ 19: строки 17280 — 18239 (всего 960)
2025-11-05 22:44:21,060 [INFO] [MainThread] Ключ 20: строки 18240 — 19199 (всего 960)
2025-11-05 22:44:21,064 [INFO] [MainThread] Ключ 21: строки 19200 — 20159 (всего 960)
2025-11-05 22:44:21,066 [INFO] [MainThread] Ключ 22: строки 20160 — 21119 (всего 960)
2025-11-05 22:44:21,070 [INFO] [MainThread] Ключ 23: строки 21120 — 22079 (всего 960)
2025-11-05 22:44:21,071 [INFO] [MainThread] Ключ 24: строки 22080 — 22099 (всего 20)
2025-11-05 22:44:21,075 [INFO] [MainThread] Всего строк: 22100, запуск 23 потоков
2025-11-05 22:44:21,081 [INFO] [ThreadPoolExecutor-1_0] Поток 1 стартовал (ключ 501de12e..., 960 записей)
2025-11-05 22:44:21,082 [INFO] [ThreadPoolExecutor-1_1] Поток 2 стартовал (ключ f2832f57..., 960 записей)
2025-11-05 22:44:21,085 [INFO] [ThreadPoolExecutor-1_2] Поток 3 стартовал (ключ 4c82e284..., 960 записей)
2025-11-05 22:44:21,088 [INFO] [ThreadPoolExecutor-1_3] Поток 4 стартовал (ключ 68e68d3e..., 960 записей)
2025-11-05 22:44:21,098 [INFO] [ThreadPoolExecutor-1_4] Поток 5 стартовал (ключ a2e3fca2..., 960 записей)
2025-11-05 22:44:21,108 [INFO] [ThreadPoolExecutor-1_5] Поток 6 стартовал (ключ 6783839a..., 960 записей)
2025-11-05 22:44:21,110 [INFO] [ThreadPoolExecutor-1_6] Поток 7 стартовал (ключ 5bf9077a..., 960 записей)
2025-11-05 22:44:21,114 [INFO] [ThreadPoolExecutor-1_7] Поток 8 стартовал (ключ 36fba40b..., 960 записей)
2025-11-05 22:44:21,120 [INFO] [ThreadPoolExecutor-1_8] Поток 9 стартовал (ключ c2e6194d..., 960 записей)
2025-11-05 22:44:21,144 [INFO] [ThreadPoolExecutor-1_9] Поток 10 стартовал (ключ 45960050..., 960 записей)
2025-11-05 22:44:21,161 [INFO] [ThreadPoolExecutor-1_10] Поток 11 стартовал (ключ b1ad8df2..., 960 записей)
2025-11-05 22:44:21,162 [INFO] [ThreadPoolExecutor-1_11] Поток 12 стартовал (ключ d9205b22..., 960 записей)
2025-11-05 22:44:21,163 [INFO] [ThreadPoolExecutor-1_12] Поток 13 стартовал (ключ 99a57644..., 960 записей)
2025-11-05 22:44:21,164 [INFO] [ThreadPoolExecutor-1_13] Поток 14 стартовал (ключ 91009ee5..., 960 записей)
2025-11-05 22:44:21,165 [INFO] [ThreadPoolExecutor-1_14] Поток 15 стартовал (ключ 672c4eca..., 960 записей)
2025-11-05 22:44:21,166 [INFO] [ThreadPoolExecutor-1_15] Поток 16 стартовал (ключ b4220d99..., 960 записей)
2025-11-05 22:44:21,166 [INFO] [ThreadPoolExecutor-1_16] Поток 17 стартовал (ключ 2a30a97d..., 960 записей)
2025-11-05 22:44:21,167 [INFO] [ThreadPoolExecutor-1_17] Поток 18 стартовал (ключ 70c1c83a..., 960 записей)
2025-11-05 22:44:21,177 [INFO] [ThreadPoolExecutor-1_18] Поток 19 стартовал (ключ 665df620..., 960 записей)
2025-11-05 22:44:21,182 [INFO] [ThreadPoolExecutor-1_19] Поток 20 стартовал (ключ 557350fc..., 960 записей)
2025-11-05 22:44:21,183 [INFO] [ThreadPoolExecutor-1_20] Поток 21 стартовал (ключ 38185e53..., 960 записей)
2025-11-05 22:44:21,183 [INFO] [ThreadPoolExecutor-1_21] Поток 22 стартовал (ключ 0b8e743a..., 960 записей)
2025-11-05 22:44:21,184 [INFO] [ThreadPoolExecutor-1_22] Поток 23 стартовал (ключ d0772be3..., 960 записей)
2025-11-05 22:45:42,225 [INFO] [ThreadPoolExecutor-1_2] Поток 3: 100/960 строк обработано
2025-11-05 22:45:42,398 [INFO] [ThreadPoolExecutor-1_1] Поток 2: 100/960 строк обработано
2025-11-05 22:45:42,521 [INFO] [ThreadPoolExecutor-1_6] Поток 7: 100/960 строк обработано
2025-11-05 22:45:42,889 [INFO] [ThreadPoolExecutor-1_15] Поток 16: 100/960 строк обработано
2025-11-05 22:45:43,065 [INFO] [ThreadPoolExecutor-1_0] Поток 1: 100/960 строк обработано
2025-11-05 22:45:43,080 [INFO] [ThreadPoolExecutor-1_8] Поток 9: 100/960 строк обработано
2025-11-05 22:45:43,177 [INFO] [ThreadPoolExecutor-1_7] Поток 8: 100/960 строк обработано
2025-11-05 22:45:43,236 [INFO] [ThreadPoolExecutor-1_4] Поток 5: 100/960 строк обработано
2025-11-05 22:45:43,257 [INFO] [ThreadPoolExecutor-1_17] Поток 18: 100/960 строк обработано
2025-11-05 22:45:43,319 [INFO] [ThreadPoolExecutor-1_14] Поток 15: 100/960 строк обработано
2025-11-05 22:45:43,376 [INFO] [ThreadPoolExecutor-1_18] Поток 19: 100/960 строк обработано
2025-11-05 22:45:43,435 [INFO] [ThreadPoolExecutor-1_9] Поток 10: 100/960 строк обработано
2025-11-05 22:45:43,484 [INFO] [ThreadPoolExecutor-1_10] Поток 11: 100/960 строк обработано
2025-11-05 22:45:43,574 [INFO] [ThreadPoolExecutor-1_19] Поток 20: 100/960 строк обработано
2025-11-05 22:45:43,590 [INFO] [ThreadPoolExecutor-1_13] Поток 14: 100/960 строк обработано
2025-11-05 22:45:43,714 [INFO] [ThreadPoolExecutor-1_5] Поток 6: 100/960 строк обработано
2025-11-05 22:45:43,778 [INFO] [ThreadPoolExecutor-1_20] Поток 21: 100/960 строк обработано
2025-11-05 22:45:43,783 [INFO] [ThreadPoolExecutor-1_12] Поток 13: 100/960 строк обработано
2025-11-05 22:45:43,792 [INFO] [ThreadPoolExecutor-1_21] Поток 22: 100/960 строк обработано
2025-11-05 22:45:44,095 [INFO] [ThreadPoolExecutor-1_16] Поток 17: 100/960 строк обработано
2025-11-05 22:45:44,119 [INFO] [ThreadPoolExecutor-1_11] Поток 12: 100/960 строк обработано
2025-11-05 22:45:44,134 [INFO] [ThreadPoolExecutor-1_22] Поток 23: 100/960 строк обработано
2025-11-05 22:45:51,329 [INFO] [ThreadPoolExecutor-1_3] Поток 4: 100/960 строк обработано
2025-11-05 22:47:03,111 [INFO] [ThreadPoolExecutor-1_2] Поток 3: 200/960 строк обработано
2025-11-05 22:47:03,126 [INFO] [ThreadPoolExecutor-1_6] Поток 7: 200/960 строк обработано
2025-11-05 22:47:03,403 [INFO] [ThreadPoolExecutor-1_1] Поток 2: 200/960 строк обработано
2025-11-05 22:47:04,118 [INFO] [ThreadPoolExecutor-1_4] Поток 5: 200/960 строк обработано
2025-11-05 22:47:04,278 [INFO] [ThreadPoolExecutor-1_0] Поток 1: 200/960 строк обработано
2025-11-05 22:47:04,484 [INFO] [ThreadPoolExecutor-1_18] Поток 19: 200/960 строк обработано
2025-11-05 22:47:04,834 [INFO] [ThreadPoolExecutor-1_10] Поток 11: 200/960 строк обработано
2025-11-05 22:47:04,932 [INFO] [ThreadPoolExecutor-1_8] Поток 9: 200/960 строк обработано
2025-11-05 22:47:04,985 [INFO] [ThreadPoolExecutor-1_9] Поток 10: 200/960 строк обработано
2025-11-05 22:47:05,090 [INFO] [ThreadPoolExecutor-1_16] Поток 17: 200/960 строк обработано
2025-11-05 22:47:05,205 [INFO] [ThreadPoolExecutor-1_22] Поток 23: 200/960 строк обработано
2025-11-05 22:47:05,675 [INFO] [ThreadPoolExecutor-1_7] Поток 8: 200/960 строк обработано
2025-11-05 22:47:06,191 [INFO] [ThreadPoolExecutor-1_15] Поток 16: 200/960 строк обработано
2025-11-05 22:47:06,391 [INFO] [ThreadPoolExecutor-1_14] Поток 15: 200/960 строк обработано
2025-11-05 22:47:06,475 [INFO] [ThreadPoolExecutor-1_19] Поток 20: 200/960 строк обработано
2025-11-05 22:47:06,479 [INFO] [ThreadPoolExecutor-1_5] Поток 6: 200/960 строк обработано
2025-11-05 22:47:06,527 [INFO] [ThreadPoolExecutor-1_20] Поток 21: 200/960 строк обработано
2025-11-05 22:47:06,580 [INFO] [ThreadPoolExecutor-1_13] Поток 14: 200/960 строк обработано
2025-11-05 22:47:06,591 [INFO] [ThreadPoolExecutor-1_12] Поток 13: 200/960 строк обработано
2025-11-05 22:47:06,729 [INFO] [ThreadPoolExecutor-1_11] Поток 12: 200/960 строк обработано
2025-11-05 22:47:06,772 [INFO] [ThreadPoolExecutor-1_17] Поток 18: 200/960 строк обработано
2025-11-05 22:47:07,335 [INFO] [ThreadPoolExecutor-1_21] Поток 22: 200/960 строк обработано
2025-11-05 22:47:13,055 [INFO] [ThreadPoolExecutor-1_3] Поток 4: 200/960 строк обработано
2025-11-05 22:48:24,109 [INFO] [ThreadPoolExecutor-1_1] Поток 2: 300/960 строк обработано
2025-11-05 22:48:25,495 [INFO] [ThreadPoolExecutor-1_8] Поток 9: 300/960 строк обработано
2025-11-05 22:48:25,599 [INFO] [ThreadPoolExecutor-1_0] Поток 1: 300/960 строк обработано
2025-11-05 22:48:25,645 [INFO] [ThreadPoolExecutor-1_6] Поток 7: 300/960 строк обработано
2025-11-05 22:48:25,923 [INFO] [ThreadPoolExecutor-1_2] Поток 3: 300/960 строк обработано
2025-11-05 22:48:25,982 [INFO] [ThreadPoolExecutor-1_4] Поток 5: 300/960 строк обработано
2025-11-05 22:48:26,191 [INFO] [ThreadPoolExecutor-1_16] Поток 17: 300/960 строк обработано
2025-11-05 22:48:26,219 [INFO] [ThreadPoolExecutor-1_18] Поток 19: 300/960 строк обработано
2025-11-05 22:48:27,185 [INFO] [ThreadPoolExecutor-1_9] Поток 10: 300/960 строк обработано
2025-11-05 22:48:27,595 [INFO] [ThreadPoolExecutor-1_10] Поток 11: 300/960 строк обработано
2025-11-05 22:48:27,679 [INFO] [ThreadPoolExecutor-1_22] Поток 23: 300/960 строк обработано
2025-11-05 22:48:27,887 [INFO] [ThreadPoolExecutor-1_5] Поток 6: 300/960 строк обработано
2025-11-05 22:48:28,247 [INFO] [ThreadPoolExecutor-1_13] Поток 14: 300/960 строк обработано
2025-11-05 22:48:28,284 [INFO] [ThreadPoolExecutor-1_7] Поток 8: 300/960 строк обработано
2025-11-05 22:48:28,412 [INFO] [ThreadPoolExecutor-1_20] Поток 21: 300/960 строк обработано
2025-11-05 22:48:28,456 [INFO] [ThreadPoolExecutor-1_14] Поток 15: 300/960 строк обработано
2025-11-05 22:48:28,721 [INFO] [ThreadPoolExecutor-1_15] Поток 16: 300/960 строк обработано
2025-11-05 22:48:28,723 [INFO] [ThreadPoolExecutor-1_19] Поток 20: 300/960 строк обработано
2025-11-05 22:48:29,156 [INFO] [ThreadPoolExecutor-1_21] Поток 22: 300/960 строк обработано
2025-11-05 22:48:29,630 [INFO] [ThreadPoolExecutor-1_12] Поток 13: 300/960 строк обработано
2025-11-05 22:48:30,628 [INFO] [ThreadPoolExecutor-1_17] Поток 18: 300/960 строк обработано
2025-11-05 22:48:31,278 [INFO] [ThreadPoolExecutor-1_11] Поток 12: 300/960 строк обработано
2025-11-05 22:48:36,427 [INFO] [ThreadPoolExecutor-1_3] Поток 4: 300/960 строк обработано
2025-11-05 22:49:44,543 [INFO] [ThreadPoolExecutor-1_1] Поток 2: 400/960 строк обработано
2025-11-05 22:49:45,860 [INFO] [ThreadPoolExecutor-1_2] Поток 3: 400/960 строк обработано
2025-11-05 22:49:47,116 [INFO] [ThreadPoolExecutor-1_6] Поток 7: 400/960 строк обработано
2025-11-05 22:49:47,176 [INFO] [ThreadPoolExecutor-1_0] Поток 1: 400/960 строк обработано
2025-11-05 22:49:47,739 [INFO] [ThreadPoolExecutor-1_16] Поток 17: 400/960 строк обработано
2025-11-05 22:49:47,897 [INFO] [ThreadPoolExecutor-1_4] Поток 5: 400/960 строк обработано
2025-11-05 22:49:47,985 [INFO] [ThreadPoolExecutor-1_8] Поток 9: 400/960 строк обработано
2025-11-05 22:49:49,133 [INFO] [ThreadPoolExecutor-1_18] Поток 19: 400/960 строк обработано
2025-11-05 22:49:49,917 [INFO] [ThreadPoolExecutor-1_19] Поток 20: 400/960 строк обработано
2025-11-05 22:49:49,985 [INFO] [ThreadPoolExecutor-1_14] Поток 15: 400/960 строк обработано
2025-11-05 22:49:50,229 [INFO] [ThreadPoolExecutor-1_10] Поток 11: 400/960 строк обработано
2025-11-05 22:49:50,354 [INFO] [ThreadPoolExecutor-1_7] Поток 8: 400/960 строк обработано
2025-11-05 22:49:50,569 [INFO] [ThreadPoolExecutor-1_22] Поток 23: 400/960 строк обработано
2025-11-05 22:49:50,585 [INFO] [ThreadPoolExecutor-1_9] Поток 10: 400/960 строк обработано
2025-11-05 22:49:51,056 [INFO] [ThreadPoolExecutor-1_5] Поток 6: 400/960 строк обработано
2025-11-05 22:49:51,678 [INFO] [ThreadPoolExecutor-1_13] Поток 14: 400/960 строк обработано
2025-11-05 22:49:51,931 [INFO] [ThreadPoolExecutor-1_12] Поток 13: 400/960 строк обработано
2025-11-05 22:49:52,001 [INFO] [ThreadPoolExecutor-1_20] Поток 21: 400/960 строк обработано
2025-11-05 22:49:52,049 [INFO] [ThreadPoolExecutor-1_21] Поток 22: 400/960 строк обработано
2025-11-05 22:49:53,246 [INFO] [ThreadPoolExecutor-1_17] Поток 18: 400/960 строк обработано
2025-11-05 22:49:53,414 [INFO] [ThreadPoolExecutor-1_15] Поток 16: 400/960 строк обработано
2025-11-05 22:49:53,522 [INFO] [ThreadPoolExecutor-1_11] Поток 12: 400/960 строк обработано
2025-11-05 22:49:58,661 [INFO] [ThreadPoolExecutor-1_3] Поток 4: 400/960 строк обработано
2025-11-05 22:51:06,224 [INFO] [ThreadPoolExecutor-1_1] Поток 2: 500/960 строк обработано
2025-11-05 22:51:06,244 [INFO] [ThreadPoolExecutor-1_2] Поток 3: 500/960 строк обработано
2025-11-05 22:51:06,252 [INFO] [ThreadPoolExecutor-1_1] Поток 2: частичное сохранение (500 строк)
2025-11-05 22:51:06,260 [INFO] [ThreadPoolExecutor-1_2] Поток 3: частичное сохранение (500 строк)
2025-11-05 22:51:08,445 [INFO] [ThreadPoolExecutor-1_0] Поток 1: 500/960 строк обработано
2025-11-05 22:51:08,467 [INFO] [ThreadPoolExecutor-1_0] Поток 1: частичное сохранение (500 строк)
2025-11-05 22:51:09,171 [INFO] [ThreadPoolExecutor-1_4] Поток 5: 500/960 строк обработано
2025-11-05 22:51:09,189 [INFO] [ThreadPoolExecutor-1_4] Поток 5: частичное сохранение (500 строк)
2025-11-05 22:51:09,448 [INFO] [ThreadPoolExecutor-1_16] Поток 17: 500/960 строк обработано
2025-11-05 22:51:09,473 [INFO] [ThreadPoolExecutor-1_16] Поток 17: частичное сохранение (500 строк)
2025-11-05 22:51:10,174 [INFO] [ThreadPoolExecutor-1_8] Поток 9: 500/960 строк обработано
2025-11-05 22:51:10,190 [INFO] [ThreadPoolExecutor-1_8] Поток 9: частичное сохранение (500 строк)
2025-11-05 22:51:10,209 [INFO] [ThreadPoolExecutor-1_6] Поток 7: 500/960 строк обработано
2025-11-05 22:51:10,222 [INFO] [ThreadPoolExecutor-1_6] Поток 7: частичное сохранение (500 строк)
2025-11-05 22:51:11,820 [INFO] [ThreadPoolExecutor-1_10] Поток 11: 500/960 строк обработано
2025-11-05 22:51:11,861 [INFO] [ThreadPoolExecutor-1_10] Поток 11: частичное сохранение (500 строк)
2025-11-05 22:51:12,096 [INFO] [ThreadPoolExecutor-1_18] Поток 19: 500/960 строк обработано
2025-11-05 22:51:12,113 [INFO] [ThreadPoolExecutor-1_18] Поток 19: частичное сохранение (500 строк)
2025-11-05 22:51:12,321 [INFO] [ThreadPoolExecutor-1_7] Поток 8: 500/960 строк обработано
2025-11-05 22:51:12,344 [INFO] [ThreadPoolExecutor-1_7] Поток 8: частичное сохранение (500 строк)
2025-11-05 22:51:12,385 [INFO] [ThreadPoolExecutor-1_13] Поток 14: 500/960 строк обработано
2025-11-05 22:51:12,404 [INFO] [ThreadPoolExecutor-1_13] Поток 14: частичное сохранение (500 строк)
2025-11-05 22:51:12,447 [INFO] [ThreadPoolExecutor-1_22] Поток 23: 500/960 строк обработано
2025-11-05 22:51:12,457 [INFO] [ThreadPoolExecutor-1_9] Поток 10: 500/960 строк обработано
2025-11-05 22:51:12,504 [INFO] [ThreadPoolExecutor-1_22] Поток 23: частичное сохранение (500 строк)
2025-11-05 22:51:12,506 [INFO] [ThreadPoolExecutor-1_9] Поток 10: частичное сохранение (500 строк)
2025-11-05 22:51:12,709 [INFO] [ThreadPoolExecutor-1_19] Поток 20: 500/960 строк обработано
2025-11-05 22:51:12,721 [INFO] [ThreadPoolExecutor-1_19] Поток 20: частичное сохранение (500 строк)
2025-11-05 22:51:13,843 [INFO] [ThreadPoolExecutor-1_14] Поток 15: 500/960 строк обработано
2025-11-05 22:51:13,866 [INFO] [ThreadPoolExecutor-1_14] Поток 15: частичное сохранение (500 строк)
2025-11-05 22:51:14,073 [INFO] [ThreadPoolExecutor-1_21] Поток 22: 500/960 строк обработано
2025-11-05 22:51:14,088 [INFO] [ThreadPoolExecutor-1_21] Поток 22: частичное сохранение (500 строк)
2025-11-05 22:51:14,224 [INFO] [ThreadPoolExecutor-1_20] Поток 21: 500/960 строк обработано
2025-11-05 22:51:14,237 [INFO] [ThreadPoolExecutor-1_20] Поток 21: частичное сохранение (500 строк)
2025-11-05 22:51:14,248 [INFO] [ThreadPoolExecutor-1_5] Поток 6: 500/960 строк обработано
2025-11-05 22:51:14,260 [INFO] [ThreadPoolExecutor-1_5] Поток 6: частичное сохранение (500 строк)
2025-11-05 22:51:14,680 [INFO] [ThreadPoolExecutor-1_12] Поток 13: 500/960 строк обработано
2025-11-05 22:51:14,701 [INFO] [ThreadPoolExecutor-1_12] Поток 13: частичное сохранение (500 строк)
2025-11-05 22:51:14,990 [INFO] [ThreadPoolExecutor-1_11] Поток 12: 500/960 строк обработано
2025-11-05 22:51:15,008 [INFO] [ThreadPoolExecutor-1_11] Поток 12: частичное сохранение (500 строк)
2025-11-05 22:51:15,010 [INFO] [ThreadPoolExecutor-1_15] Поток 16: 500/960 строк обработано
2025-11-05 22:51:15,032 [INFO] [ThreadPoolExecutor-1_15] Поток 16: частичное сохранение (500 строк)
2025-11-05 22:51:16,186 [INFO] [ThreadPoolExecutor-1_17] Поток 18: 500/960 строк обработано
2025-11-05 22:51:16,206 [INFO] [ThreadPoolExecutor-1_17] Поток 18: частичное сохранение (500 строк)
2025-11-05 22:51:19,058 [INFO] [ThreadPoolExecutor-1_3] Поток 4: 500/960 строк обработано
2025-11-05 22:51:19,070 [INFO] [ThreadPoolExecutor-1_3] Поток 4: частичное сохранение (500 строк)
2025-11-05 22:52:28,072 [INFO] [ThreadPoolExecutor-1_2] Поток 3: 600/960 строк обработано
2025-11-05 22:52:29,070 [INFO] [ThreadPoolExecutor-1_1] Поток 2: 600/960 строк обработано
2025-11-05 22:52:29,558 [INFO] [ThreadPoolExecutor-1_0] Поток 1: 600/960 строк обработано
2025-11-05 22:52:30,655 [INFO] [ThreadPoolExecutor-1_4] Поток 5: 600/960 строк обработано
2025-11-05 22:52:31,237 [INFO] [ThreadPoolExecutor-1_6] Поток 7: 600/960 строк обработано
2025-11-05 22:52:31,328 [INFO] [ThreadPoolExecutor-1_16] Поток 17: 600/960 строк обработано
2025-11-05 22:52:33,517 [INFO] [ThreadPoolExecutor-1_13] Поток 14: 600/960 строк обработано
2025-11-05 22:52:33,640 [INFO] [ThreadPoolExecutor-1_8] Поток 9: 600/960 строк обработано
2025-11-05 22:52:34,582 [INFO] [ThreadPoolExecutor-1_7] Поток 8: 600/960 строк обработано
2025-11-05 22:52:34,786 [INFO] [ThreadPoolExecutor-1_18] Поток 19: 600/960 строк обработано
2025-11-05 22:52:34,834 [INFO] [ThreadPoolExecutor-1_10] Поток 11: 600/960 строк обработано
2025-11-05 22:52:34,879 [INFO] [ThreadPoolExecutor-1_22] Поток 23: 600/960 строк обработано
2025-11-05 22:52:35,567 [INFO] [ThreadPoolExecutor-1_19] Поток 20: 600/960 строк обработано
2025-11-05 22:52:35,588 [INFO] [ThreadPoolExecutor-1_14] Поток 15: 600/960 строк обработано
2025-11-05 22:52:35,923 [INFO] [ThreadPoolExecutor-1_20] Поток 21: 600/960 строк обработано
2025-11-05 22:52:36,106 [INFO] [ThreadPoolExecutor-1_21] Поток 22: 600/960 строк обработано
2025-11-05 22:52:36,236 [INFO] [ThreadPoolExecutor-1_11] Поток 12: 600/960 строк обработано
2025-11-05 22:52:36,238 [INFO] [ThreadPoolExecutor-1_9] Поток 10: 600/960 строк обработано
2025-11-05 22:52:36,340 [INFO] [ThreadPoolExecutor-1_12] Поток 13: 600/960 строк обработано
2025-11-05 22:52:37,144 [INFO] [ThreadPoolExecutor-1_5] Поток 6: 600/960 строк обработано
2025-11-05 22:52:37,613 [INFO] [ThreadPoolExecutor-1_15] Поток 16: 600/960 строк обработано
2025-11-05 22:52:37,663 [INFO] [ThreadPoolExecutor-1_17] Поток 18: 600/960 строк обработано
2025-11-05 22:52:40,806 [INFO] [ThreadPoolExecutor-1_3] Поток 4: 600/960 строк обработано
2025-11-05 22:53:50,319 [INFO] [ThreadPoolExecutor-1_1] Поток 2: 700/960 строк обработано
2025-11-05 22:53:50,552 [INFO] [ThreadPoolExecutor-1_2] Поток 3: 700/960 строк обработано
2025-11-05 22:53:51,004 [INFO] [ThreadPoolExecutor-1_0] Поток 1: 700/960 строк обработано
2025-11-05 22:53:52,668 [INFO] [ThreadPoolExecutor-1_4] Поток 5: 700/960 строк обработано
2025-11-05 22:53:52,812 [INFO] [ThreadPoolExecutor-1_16] Поток 17: 700/960 строк обработано
2025-11-05 22:53:53,328 [INFO] [ThreadPoolExecutor-1_6] Поток 7: 700/960 строк обработано
2025-11-05 22:53:55,532 [INFO] [ThreadPoolExecutor-1_13] Поток 14: 700/960 строк обработано
2025-11-05 22:53:56,247 [INFO] [ThreadPoolExecutor-1_22] Поток 23: 700/960 строк обработано
2025-11-05 22:53:56,352 [INFO] [ThreadPoolExecutor-1_10] Поток 11: 700/960 строк обработано
2025-11-05 22:53:56,801 [INFO] [ThreadPoolExecutor-1_18] Поток 19: 700/960 строк обработано
2025-11-05 22:53:57,120 [INFO] [ThreadPoolExecutor-1_7] Поток 8: 700/960 строк обработано
2025-11-05 22:53:57,138 [INFO] [ThreadPoolExecutor-1_8] Поток 9: 700/960 строк обработано
2025-11-05 22:53:57,402 [INFO] [ThreadPoolExecutor-1_21] Поток 22: 700/960 строк обработано
2025-11-05 22:53:57,766 [INFO] [ThreadPoolExecutor-1_19] Поток 20: 700/960 строк обработано
2025-11-05 22:53:57,842 [INFO] [ThreadPoolExecutor-1_20] Поток 21: 700/960 строк обработано
2025-11-05 22:53:58,380 [INFO] [ThreadPoolExecutor-1_17] Поток 18: 700/960 строк обработано
2025-11-05 22:53:58,638 [INFO] [ThreadPoolExecutor-1_12] Поток 13: 700/960 строк обработано
2025-11-05 22:53:58,873 [INFO] [ThreadPoolExecutor-1_14] Поток 15: 700/960 строк обработано
2025-11-05 22:53:58,973 [INFO] [ThreadPoolExecutor-1_11] Поток 12: 700/960 строк обработано
2025-11-05 22:53:59,253 [INFO] [ThreadPoolExecutor-1_15] Поток 16: 700/960 строк обработано
2025-11-05 22:53:59,476 [INFO] [ThreadPoolExecutor-1_5] Поток 6: 700/960 строк обработано
2025-11-05 22:54:00,981 [INFO] [ThreadPoolExecutor-1_9] Поток 10: 700/960 строк обработано
2025-11-05 22:54:02,918 [INFO] [ThreadPoolExecutor-1_3] Поток 4: 700/960 строк обработано
2025-11-05 22:55:12,520 [INFO] [ThreadPoolExecutor-1_1] Поток 2: 800/960 строк обработано
2025-11-05 22:55:12,554 [INFO] [ThreadPoolExecutor-1_2] Поток 3: 800/960 строк обработано
2025-11-05 22:55:12,728 [INFO] [ThreadPoolExecutor-1_0] Поток 1: 800/960 строк обработано
2025-11-05 22:55:14,628 [INFO] [ThreadPoolExecutor-1_4] Поток 5: 800/960 строк обработано
2025-11-05 22:55:15,460 [INFO] [ThreadPoolExecutor-1_16] Поток 17: 800/960 строк обработано
2025-11-05 22:55:16,012 [INFO] [ThreadPoolExecutor-1_6] Поток 7: 800/960 строк обработано
2025-11-05 22:55:17,001 [INFO] [ThreadPoolExecutor-1_13] Поток 14: 800/960 строк обработано
2025-11-05 22:55:18,656 [INFO] [ThreadPoolExecutor-1_18] Поток 19: 800/960 строк обработано
2025-11-05 22:55:18,682 [INFO] [ThreadPoolExecutor-1_10] Поток 11: 800/960 строк обработано
2025-11-05 22:55:18,877 [INFO] [ThreadPoolExecutor-1_22] Поток 23: 800/960 строк обработано
2025-11-05 22:55:19,270 [INFO] [ThreadPoolExecutor-1_7] Поток 8: 800/960 строк обработано
2025-11-05 22:55:19,757 [INFO] [ThreadPoolExecutor-1_20] Поток 21: 800/960 строк обработано
2025-11-05 22:55:19,796 [INFO] [ThreadPoolExecutor-1_8] Поток 9: 800/960 строк обработано
2025-11-05 22:55:19,947 [INFO] [ThreadPoolExecutor-1_19] Поток 20: 800/960 строк обработано
2025-11-05 22:55:20,070 [INFO] [ThreadPoolExecutor-1_11] Поток 12: 800/960 строк обработано
2025-11-05 22:55:20,408 [INFO] [ThreadPoolExecutor-1_21] Поток 22: 800/960 строк обработано
2025-11-05 22:55:21,039 [INFO] [ThreadPoolExecutor-1_12] Поток 13: 800/960 строк обработано
2025-11-05 22:55:21,310 [INFO] [ThreadPoolExecutor-1_17] Поток 18: 800/960 строк обработано
2025-11-05 22:55:21,357 [INFO] [ThreadPoolExecutor-1_14] Поток 15: 800/960 строк обработано
2025-11-05 22:55:22,074 [INFO] [ThreadPoolExecutor-1_5] Поток 6: 800/960 строк обработано
2025-11-05 22:55:22,128 [INFO] [ThreadPoolExecutor-1_15] Поток 16: 800/960 строк обработано
2025-11-05 22:55:25,626 [INFO] [ThreadPoolExecutor-1_9] Поток 10: 800/960 строк обработано
2025-11-05 22:55:25,778 [INFO] [ThreadPoolExecutor-1_3] Поток 4: 800/960 строк обработано
2025-11-05 22:56:33,329 [INFO] [ThreadPoolExecutor-1_1] Поток 2: 900/960 строк обработано
2025-11-05 22:56:33,627 [INFO] [ThreadPoolExecutor-1_0] Поток 1: 900/960 строк обработано
2025-11-05 22:56:34,707 [INFO] [ThreadPoolExecutor-1_2] Поток 3: 900/960 строк обработано
2025-11-05 22:56:36,712 [INFO] [ThreadPoolExecutor-1_4] Поток 5: 900/960 строк обработано
2025-11-05 22:56:38,106 [INFO] [ThreadPoolExecutor-1_6] Поток 7: 900/960 строк обработано
2025-11-05 22:56:38,130 [INFO] [ThreadPoolExecutor-1_16] Поток 17: 900/960 строк обработано
2025-11-05 22:56:38,876 [INFO] [ThreadPoolExecutor-1_13] Поток 14: 900/960 строк обработано
2025-11-05 22:56:40,016 [INFO] [ThreadPoolExecutor-1_7] Поток 8: 900/960 строк обработано
2025-11-05 22:56:40,534 [INFO] [ThreadPoolExecutor-1_22] Поток 23: 900/960 строк обработано
2025-11-05 22:56:40,610 [INFO] [ThreadPoolExecutor-1_10] Поток 11: 900/960 строк обработано
2025-11-05 22:56:40,623 [INFO] [ThreadPoolExecutor-1_18] Поток 19: 900/960 строк обработано
2025-11-05 22:56:41,164 [INFO] [ThreadPoolExecutor-1_8] Поток 9: 900/960 строк обработано
2025-11-05 22:56:41,850 [INFO] [ThreadPoolExecutor-1_11] Поток 12: 900/960 строк обработано
2025-11-05 22:56:42,112 [INFO] [ThreadPoolExecutor-1_20] Поток 21: 900/960 строк обработано
2025-11-05 22:56:42,138 [INFO] [ThreadPoolExecutor-1_19] Поток 20: 900/960 строк обработано
2025-11-05 22:56:42,188 [INFO] [ThreadPoolExecutor-1_14] Поток 15: 900/960 строк обработано
2025-11-05 22:56:43,232 [INFO] [ThreadPoolExecutor-1_21] Поток 22: 900/960 строк обработано
2025-11-05 22:56:43,574 [INFO] [ThreadPoolExecutor-1_5] Поток 6: 900/960 строк обработано
2025-11-05 22:56:43,988 [INFO] [ThreadPoolExecutor-1_17] Поток 18: 900/960 строк обработано
2025-11-05 22:56:44,071 [INFO] [ThreadPoolExecutor-1_12] Поток 13: 900/960 строк обработано
2025-11-05 22:56:44,424 [INFO] [ThreadPoolExecutor-1_15] Поток 16: 900/960 строк обработано
2025-11-05 22:56:47,020 [INFO] [ThreadPoolExecutor-1_3] Поток 4: 900/960 строк обработано
2025-11-05 22:56:48,353 [INFO] [ThreadPoolExecutor-1_9] Поток 10: 900/960 строк обработано
2025-11-05 22:57:22,094 [INFO] [ThreadPoolExecutor-1_1] Поток 2 завершил (959 записей сохранено)
2025-11-05 22:57:22,771 [INFO] [ThreadPoolExecutor-1_0] Поток 1 завершил (959 записей сохранено)
2025-11-05 22:57:23,998 [INFO] [ThreadPoolExecutor-1_2] Поток 3 завершил (958 записей сохранено)
2025-11-05 22:57:26,789 [INFO] [ThreadPoolExecutor-1_4] Поток 5 завершил (956 записей сохранено)
2025-11-05 22:57:27,830 [INFO] [ThreadPoolExecutor-1_6] Поток 7 завершил (955 записей сохранено)
2025-11-05 22:57:28,250 [INFO] [ThreadPoolExecutor-1_13] Поток 14 завершил (955 записей сохранено)
2025-11-05 22:57:28,427 [INFO] [ThreadPoolExecutor-1_16] Поток 17 завершил (957 записей сохранено)
2025-11-05 22:57:29,631 [INFO] [ThreadPoolExecutor-1_7] Поток 8 завершил (959 записей сохранено)
2025-11-05 22:57:29,818 [INFO] [ThreadPoolExecutor-1_10] Поток 11 завершил (956 записей сохранено)
2025-11-05 22:57:30,361 [INFO] [ThreadPoolExecutor-1_8] Поток 9 завершил (956 записей сохранено)
2025-11-05 22:57:30,763 [INFO] [ThreadPoolExecutor-1_18] Поток 19 завершил (956 записей сохранено)
2025-11-05 22:57:31,084 [INFO] [ThreadPoolExecutor-1_11] Поток 12 завершил (956 записей сохранено)
2025-11-05 22:57:31,288 [INFO] [ThreadPoolExecutor-1_22] Поток 23 завершил (956 записей сохранено)
2025-11-05 22:57:31,572 [INFO] [ThreadPoolExecutor-1_19] Поток 20 завершил (958 записей сохранено)
2025-11-05 22:57:31,885 [INFO] [ThreadPoolExecutor-1_14] Поток 15 завершил (954 записей сохранено)
2025-11-05 22:57:32,336 [INFO] [ThreadPoolExecutor-1_5] Поток 6 завершил (960 записей сохранено)
2025-11-05 22:57:32,398 [INFO] [ThreadPoolExecutor-1_20] Поток 21 завершил (958 записей сохранено)
2025-11-05 22:57:33,062 [INFO] [ThreadPoolExecutor-1_21] Поток 22 завершил (956 записей сохранено)
2025-11-05 22:57:33,506 [INFO] [ThreadPoolExecutor-1_17] Поток 18 завершил (958 записей сохранено)
2025-11-05 22:57:33,629 [INFO] [ThreadPoolExecutor-1_12] Поток 13 завершил (958 записей сохранено)
2025-11-05 22:57:34,030 [INFO] [ThreadPoolExecutor-1_15] Поток 16 завершил (958 записей сохранено)
2025-11-05 22:57:36,046 [INFO] [ThreadPoolExecutor-1_3] Поток 4 завершил (957 записей сохранено)
2025-11-05 22:57:38,609 [INFO] [ThreadPoolExecutor-1_9] Поток 10 завершил (958 записей сохранено)
2025-11-05 22:57:40,469 [INFO] [MainThread] Готово. Результаты сохранены в food_with_ratings_full.csv
